mode: set
github.com/DmitryZzz/bookings/cmd/web/main.go:21.13,23.16 2 0
github.com/DmitryZzz/bookings/cmd/web/main.go:27.2,32.16 3 0
github.com/DmitryZzz/bookings/cmd/web/main.go:23.16,25.3 1 0
github.com/DmitryZzz/bookings/cmd/web/main.go:32.16,34.3 1 0
github.com/DmitryZzz/bookings/cmd/web/main.go:37.18,53.16 10 1
github.com/DmitryZzz/bookings/cmd/web/main.go:57.2,65.12 6 1
github.com/DmitryZzz/bookings/cmd/web/main.go:53.16,56.3 2 0
github.com/DmitryZzz/bookings/cmd/web/middleware.go:10.45,18.2 3 1
github.com/DmitryZzz/bookings/cmd/web/middleware.go:21.50,23.2 1 1
github.com/DmitryZzz/bookings/cmd/web/routes.go:11.49,37.2 17 1
